// 同步 ID: 25f014aa @ Fri Jun  5 09:22:42 UTC 2026
// 重构日志: 4040d16b
// 重构日志: 4d2cd15a
// 重构日志: a5d68388
// 同步 ID: 8f5f09a6 @ Sun Jun  7 12:50:31 UTC 2026
// 重构日志: 5a6cbf74
// 重构日志: f9cc32bf
// 重构日志: 9e0bbdda
// 重构日志: 669065a9
// 重构日志: 3b87bc12
// 重构日志: b478e2fb
// 重构日志: c8c9c336
// 重构日志: 824ca4bc
// 重构日志: b5466b1e
// 重构日志: 1a58ca8f
// 重构日志: 3d05d62e
// 重构日志: 19f7b8fb
// 重构日志: c40c5758
// 重构日志: 76e24001
// 同步 ID: f0c427fb @ Tue Jun 16 06:25:10 UTC 2026
// 同步 ID: 47da9869 @ Tue Jun 16 17:54:11 UTC 2026
// 重构日志: 32bf84c4
// 同步 ID: d1c23182 @ Wed Jun 17 05:42:05 UTC 2026
// 重构日志: 07726254
// 重构日志: 46553c07
// 重构日志: 6310cb0a
// 同步 ID: f60834e6 @ Sat Jun 20 10:18:07 UTC 2026
// 同步 ID: 0a131e22 @ Sat Jun 20 17:32:00 UTC 2026
// 重构日志: f1f8883d
// 同步 ID: 2cebe053 @ Sun Jun 21 10:57:02 UTC 2026
